<?xml version="1.0" encoding="UTF-8"?>
<coverage generated="1621290230621" clover="3.2.0">
  <project timestamp="1621290230621" name="All files">
    <metrics statements="27" coveredstatements="27" conditionals="15" coveredconditionals="15" methods="18" coveredmethods="18" elements="60" coveredelements="60" complexity="0" loc="27" ncloc="27" packages="1" files="1" classes="1"/>
    <file name="romanNumbers.js" path="/Users/michele.brissoni@ibm.com/ProgettiGit/UndeadGrishnackh/RomanNumeralGenerator/src/romanNumbers.js">
      <metrics statements="27" coveredstatements="27" conditionals="15" coveredconditionals="15" methods="18" coveredmethods="18"/>
      <line num="1" count="23" type="stmt"/>
      <line num="2" count="22" type="stmt"/>
      <line num="3" count="24" type="stmt"/>
      <line num="4" count="1" type="stmt"/>
      <line num="5" count="24" type="cond" truecount="3" falsecount="0"/>
      <line num="7" count="1" type="stmt"/>
      <line num="8" count="84" type="cond" truecount="10" falsecount="0"/>
      <line num="10" count="54" type="stmt"/>
      <line num="14" count="14" type="stmt"/>
      <line num="16" count="1" type="stmt"/>
      <line num="21" count="8" type="stmt"/>
      <line num="23" count="7" type="stmt"/>
      <line num="28" count="21" type="stmt"/>
      <line num="29" count="21" type="stmt"/>
      <line num="30" count="21" type="stmt"/>
      <line num="32" count="21" type="stmt"/>
      <line num="33" count="21" type="stmt"/>
      <line num="34" count="21" type="stmt"/>
      <line num="36" count="21" type="stmt"/>
      <line num="37" count="21" type="stmt"/>
      <line num="38" count="21" type="stmt"/>
      <line num="40" count="21" type="stmt"/>
      <line num="41" count="21" type="stmt"/>
      <line num="42" count="21" type="stmt"/>
      <line num="46" count="24" type="cond" truecount="2" falsecount="0"/>
      <line num="47" count="21" type="stmt"/>
      <line num="55" count="1" type="stmt"/>
    </file>
  </project>
</coverage>
