{"/Users/michele.brissoni@ibm.com/ProgettiGit/UndeadGrishnackh/RomanNumeralGenerator/src/romanNumbers.js": {"path":"/Users/michele.brissoni@ibm.com/ProgettiGit/UndeadGrishnackh/RomanNumeralGenerator/src/romanNumbers.js","statementMap":{"0":{"start":{"line":1,"column":25},"end":{"line":1,"column":47}},"1":{"start":{"line":1,"column":37},"end":{"line":1,"column":47}},"2":{"start":{"line":2,"column":26},"end":{"line":2,"column":51}},"3":{"start":{"line":2,"column":38},"end":{"line":2,"column":51}},"4":{"start":{"line":3,"column":23},"end":{"line":3,"column":60}},"5":{"start":{"line":3,"column":35},"end":{"line":3,"column":60}},"6":{"start":{"line":4,"column":20},"end":{"line":5,"column":81}},"7":{"start":{"line":5,"column":2},"end":{"line":5,"column":81}},"8":{"start":{"line":7,"column":29},"end":{"line":26,"column":1}},"9":{"start":{"line":8,"column":2},"end":{"line":25,"column":3}},"10":{"start":{"line":10,"column":6},"end":{"line":10,"column":16}},"11":{"start":{"line":14,"column":6},"end":{"line":14,"column":44}},"12":{"start":{"line":16,"column":6},"end":{"line":16,"column":34}},"13":{"start":{"line":21,"column":6},"end":{"line":21,"column":64}},"14":{"start":{"line":23,"column":6},"end":{"line":23,"column":34}},"15":{"start":{"line":28,"column":20},"end":{"line":28,"column":43}},"16":{"start":{"line":28,"column":32},"end":{"line":28,"column":43}},"17":{"start":{"line":29,"column":22},"end":{"line":29,"column":77}},"18":{"start":{"line":29,"column":34},"end":{"line":29,"column":77}},"19":{"start":{"line":30,"column":31},"end":{"line":30,"column":77}},"20":{"start":{"line":30,"column":43},"end":{"line":30,"column":77}},"21":{"start":{"line":32,"column":19},"end":{"line":32,"column":59}},"22":{"start":{"line":32,"column":31},"end":{"line":32,"column":59}},"23":{"start":{"line":33,"column":21},"end":{"line":33,"column":76}},"24":{"start":{"line":33,"column":33},"end":{"line":33,"column":76}},"25":{"start":{"line":34,"column":30},"end":{"line":34,"column":74}},"26":{"start":{"line":34,"column":42},"end":{"line":34,"column":74}},"27":{"start":{"line":36,"column":23},"end":{"line":36,"column":64}},"28":{"start":{"line":36,"column":35},"end":{"line":36,"column":64}},"29":{"start":{"line":37,"column":25},"end":{"line":37,"column":80}},"30":{"start":{"line":37,"column":37},"end":{"line":37,"column":80}},"31":{"start":{"line":38,"column":26},"end":{"line":38,"column":79}},"32":{"start":{"line":38,"column":38},"end":{"line":38,"column":79}},"33":{"start":{"line":40,"column":21},"end":{"line":40,"column":63}},"34":{"start":{"line":40,"column":33},"end":{"line":40,"column":63}},"35":{"start":{"line":41,"column":34},"end":{"line":41,"column":86}},"36":{"start":{"line":41,"column":46},"end":{"line":41,"column":86}},"37":{"start":{"line":42,"column":35},"end":{"line":42,"column":86}},"38":{"start":{"line":42,"column":47},"end":{"line":42,"column":86}},"39":{"start":{"line":46,"column":2},"end":{"line":46,"column":42}},"40":{"start":{"line":46,"column":27},"end":{"line":46,"column":42}},"41":{"start":{"line":47,"column":2},"end":{"line":52,"column":4}},"42":{"start":{"line":55,"column":0},"end":{"line":55,"column":26}}},"fnMap":{"0":{"name":"(anonymous_0)","decl":{"start":{"line":1,"column":25},"end":{"line":1,"column":26}},"loc":{"start":{"line":1,"column":37},"end":{"line":1,"column":47}},"line":1},"1":{"name":"(anonymous_1)","decl":{"start":{"line":2,"column":26},"end":{"line":2,"column":27}},"loc":{"start":{"line":2,"column":38},"end":{"line":2,"column":51}},"line":2},"2":{"name":"(anonymous_2)","decl":{"start":{"line":3,"column":23},"end":{"line":3,"column":24}},"loc":{"start":{"line":3,"column":35},"end":{"line":3,"column":60}},"line":3},"3":{"name":"(anonymous_3)","decl":{"start":{"line":4,"column":20},"end":{"line":4,"column":21}},"loc":{"start":{"line":5,"column":2},"end":{"line":5,"column":81}},"line":5},"4":{"name":"(anonymous_4)","decl":{"start":{"line":7,"column":29},"end":{"line":7,"column":30}},"loc":{"start":{"line":7,"column":71},"end":{"line":26,"column":1}},"line":7},"5":{"name":"(anonymous_5)","decl":{"start":{"line":28,"column":20},"end":{"line":28,"column":21}},"loc":{"start":{"line":28,"column":32},"end":{"line":28,"column":43}},"line":28},"6":{"name":"(anonymous_6)","decl":{"start":{"line":29,"column":22},"end":{"line":29,"column":23}},"loc":{"start":{"line":29,"column":34},"end":{"line":29,"column":77}},"line":29},"7":{"name":"(anonymous_7)","decl":{"start":{"line":30,"column":31},"end":{"line":30,"column":32}},"loc":{"start":{"line":30,"column":43},"end":{"line":30,"column":77}},"line":30},"8":{"name":"(anonymous_8)","decl":{"start":{"line":32,"column":19},"end":{"line":32,"column":20}},"loc":{"start":{"line":32,"column":31},"end":{"line":32,"column":59}},"line":32},"9":{"name":"(anonymous_9)","decl":{"start":{"line":33,"column":21},"end":{"line":33,"column":22}},"loc":{"start":{"line":33,"column":33},"end":{"line":33,"column":76}},"line":33},"10":{"name":"(anonymous_10)","decl":{"start":{"line":34,"column":30},"end":{"line":34,"column":31}},"loc":{"start":{"line":34,"column":42},"end":{"line":34,"column":74}},"line":34},"11":{"name":"(anonymous_11)","decl":{"start":{"line":36,"column":23},"end":{"line":36,"column":24}},"loc":{"start":{"line":36,"column":35},"end":{"line":36,"column":64}},"line":36},"12":{"name":"(anonymous_12)","decl":{"start":{"line":37,"column":25},"end":{"line":37,"column":26}},"loc":{"start":{"line":37,"column":37},"end":{"line":37,"column":80}},"line":37},"13":{"name":"(anonymous_13)","decl":{"start":{"line":38,"column":26},"end":{"line":38,"column":27}},"loc":{"start":{"line":38,"column":38},"end":{"line":38,"column":79}},"line":38},"14":{"name":"(anonymous_14)","decl":{"start":{"line":40,"column":21},"end":{"line":40,"column":22}},"loc":{"start":{"line":40,"column":33},"end":{"line":40,"column":63}},"line":40},"15":{"name":"(anonymous_15)","decl":{"start":{"line":41,"column":34},"end":{"line":41,"column":35}},"loc":{"start":{"line":41,"column":46},"end":{"line":41,"column":86}},"line":41},"16":{"name":"(anonymous_16)","decl":{"start":{"line":42,"column":35},"end":{"line":42,"column":36}},"loc":{"start":{"line":42,"column":47},"end":{"line":42,"column":86}},"line":42},"17":{"name":"generate","decl":{"start":{"line":45,"column":9},"end":{"line":45,"column":17}},"loc":{"start":{"line":45,"column":26},"end":{"line":53,"column":1}},"line":45}},"branchMap":{"0":{"loc":{"start":{"line":5,"column":2},"end":{"line":5,"column":81}},"type":"binary-expr","locations":[{"start":{"line":5,"column":2},"end":{"line":5,"column":24}},{"start":{"line":5,"column":28},"end":{"line":5,"column":52}},{"start":{"line":5,"column":56},"end":{"line":5,"column":81}}],"line":5},"1":{"loc":{"start":{"line":8,"column":2},"end":{"line":25,"column":3}},"type":"switch","locations":[{"start":{"line":9,"column":4},"end":{"line":10,"column":16}},{"start":{"line":11,"column":4},"end":{"line":11,"column":11}},{"start":{"line":12,"column":4},"end":{"line":12,"column":11}},{"start":{"line":13,"column":4},"end":{"line":14,"column":44}},{"start":{"line":15,"column":4},"end":{"line":16,"column":34}},{"start":{"line":17,"column":4},"end":{"line":17,"column":11}},{"start":{"line":18,"column":4},"end":{"line":18,"column":11}},{"start":{"line":19,"column":4},"end":{"line":19,"column":11}},{"start":{"line":20,"column":4},"end":{"line":21,"column":64}},{"start":{"line":22,"column":4},"end":{"line":23,"column":34}}],"line":8},"2":{"loc":{"start":{"line":46,"column":2},"end":{"line":46,"column":42}},"type":"if","locations":[{"start":{"line":46,"column":2},"end":{"line":46,"column":42}},{"start":{"line":46,"column":2},"end":{"line":46,"column":42}}],"line":46}},"s":{"0":1,"1":23,"2":1,"3":22,"4":1,"5":24,"6":1,"7":24,"8":1,"9":84,"10":54,"11":14,"12":1,"13":8,"14":7,"15":1,"16":21,"17":1,"18":21,"19":1,"20":21,"21":1,"22":21,"23":1,"24":21,"25":1,"26":21,"27":1,"28":21,"29":1,"30":21,"31":1,"32":21,"33":1,"34":21,"35":1,"36":21,"37":1,"38":21,"39":24,"40":3,"41":21,"42":1},"f":{"0":23,"1":22,"2":24,"3":24,"4":84,"5":21,"6":21,"7":21,"8":21,"9":21,"10":21,"11":21,"12":21,"13":21,"14":21,"15":21,"16":21,"17":24},"b":{"0":[24,23,22],"1":[54,7,10,14,1,5,6,7,8,7],"2":[3,21]},"_coverageSchema":"1a1c01bbd47fc00a2c39e90264f33305004495a9","hash":"9739a99b054ab9094c47d86a8f311952200948c6"}
}
