TN:
SF:src/romanNumbers.js
FN:1,(anonymous_0)
FN:2,(anonymous_1)
FN:3,(anonymous_2)
FN:4,(anonymous_3)
FN:7,(anonymous_4)
FN:28,(anonymous_5)
FN:29,(anonymous_6)
FN:30,(anonymous_7)
FN:32,(anonymous_8)
FN:33,(anonymous_9)
FN:34,(anonymous_10)
FN:36,(anonymous_11)
FN:37,(anonymous_12)
FN:38,(anonymous_13)
FN:40,(anonymous_14)
FN:41,(anonymous_15)
FN:42,(anonymous_16)
FN:45,generate
FNF:18
FNH:18
FNDA:23,(anonymous_0)
FNDA:22,(anonymous_1)
FNDA:24,(anonymous_2)
FNDA:24,(anonymous_3)
FNDA:84,(anonymous_4)
FNDA:21,(anonymous_5)
FNDA:21,(anonymous_6)
FNDA:21,(anonymous_7)
FNDA:21,(anonymous_8)
FNDA:21,(anonymous_9)
FNDA:21,(anonymous_10)
FNDA:21,(anonymous_11)
FNDA:21,(anonymous_12)
FNDA:21,(anonymous_13)
FNDA:21,(anonymous_14)
FNDA:21,(anonymous_15)
FNDA:21,(anonymous_16)
FNDA:24,generate
DA:1,23
DA:2,22
DA:3,24
DA:4,1
DA:5,24
DA:7,1
DA:8,84
DA:10,54
DA:14,14
DA:16,1
DA:21,8
DA:23,7
DA:28,21
DA:29,21
DA:30,21
DA:32,21
DA:33,21
DA:34,21
DA:36,21
DA:37,21
DA:38,21
DA:40,21
DA:41,21
DA:42,21
DA:46,24
DA:47,21
DA:55,1
LF:27
LH:27
BRDA:5,0,0,24
BRDA:5,0,1,23
BRDA:5,0,2,22
BRDA:8,1,0,54
BRDA:8,1,1,7
BRDA:8,1,2,10
BRDA:8,1,3,14
BRDA:8,1,4,1
BRDA:8,1,5,5
BRDA:8,1,6,6
BRDA:8,1,7,7
BRDA:8,1,8,8
BRDA:8,1,9,7
BRDA:46,2,0,3
BRDA:46,2,1,21
BRF:15
BRH:15
end_of_record
